<?xml version="1.0" encoding="UTF-8"?>
<!-- Generated by org.testng.reporters.JUnitReportReporter -->
<testsuite hostname="DESKTOP-8RJ2I6K" name="com.mtp.qa.uitests.LoginTest" tests="3" failures="0" timestamp="14 Jan 2020 10:01:41 GMT" time="124.284" errors="0">
  <testcase name="deleteTaskTest" time="42.627" classname="com.mtp.qa.uitests.LoginTest"/>
  <testcase name="loginToMyTaskPanelApplicationTest" time="25.014" classname="com.mtp.qa.uitests.LoginTest"/>
  <testcase name="createTaskTest" time="56.643" classname="com.mtp.qa.uitests.LoginTest"/>
</testsuite> <!-- com.mtp.qa.uitests.LoginTest -->
